c:\users\sammyfuller\appdata\roaming\rackafx 7.0\rackafxprojects\synthcore main\rafx2 winbuild\build\vc141.pdb
c:\users\sammyfuller\appdata\roaming\rackafx 7.0\rackafxprojects\synthcore main\rafx2 winbuild\build\vc141.idb
c:\users\sammyfuller\appdata\roaming\rackafx 7.0\rackafxprojects\synthcore main\rafx2 winbuild\build\vstgui_uidescription_win32.obj
c:\users\sammyfuller\appdata\roaming\rackafx 7.0\rackafxprojects\synthcore main\rafx2 winbuild\build\vstgui_win32.obj
c:\users\sammyfuller\appdata\roaming\rackafx 7.0\rackafxprojects\synthcore main\rafx2 winbuild\build\customcontrols.obj
c:\users\sammyfuller\appdata\roaming\rackafx 7.0\rackafxprojects\synthcore main\rafx2 winbuild\build\customviews.obj
c:\users\sammyfuller\appdata\roaming\rackafx 7.0\rackafxprojects\synthcore main\rafx2 winbuild\build\pluginbase.obj
c:\users\sammyfuller\appdata\roaming\rackafx 7.0\rackafxprojects\synthcore main\rafx2 winbuild\build\plugincore.obj
c:\users\sammyfuller\appdata\roaming\rackafx 7.0\rackafxprojects\synthcore main\rafx2 winbuild\build\plugingui.obj
c:\users\sammyfuller\appdata\roaming\rackafx 7.0\rackafxprojects\synthcore main\rafx2 winbuild\build\pluginparameter.obj
c:\users\sammyfuller\appdata\roaming\rackafx 7.0\rackafxprojects\synthcore main\rafx2 winbuild\build\fxobjects.obj
c:\users\sammyfuller\appdata\roaming\rackafx 7.0\rackafxprojects\synthcore main\rafx2 winbuild\build\dca_eg.obj
c:\users\sammyfuller\appdata\roaming\rackafx 7.0\rackafxprojects\synthcore main\rafx2 winbuild\build\synthcore.obj
c:\users\sammyfuller\appdata\roaming\rackafx 7.0\rackafxprojects\synthcore main\rafx2 winbuild\build\synthlfo.obj
c:\users\sammyfuller\appdata\roaming\rackafx 7.0\rackafxprojects\synthcore main\rafx2 winbuild\build\synthoscillator.obj
c:\users\sammyfuller\appdata\roaming\rackafx 7.0\rackafxprojects\synthcore main\rafx2 winbuild\build\vafilters.obj
c:\users\sammyfuller\appdata\roaming\rackafx 7.0\rackafxprojects\synthcore main\rafx2 winbuild\build\wavedata.obj
c:\users\sammyfuller\appdata\roaming\rackafx 7.0\rackafxprojects\synthcore main\rafx2 winbuild\build\wavetableoscillator.obj
c:\users\sammyfuller\appdata\roaming\rackafx 7.0\rackafxprojects\synthcore main\rafx2 winbuild\build\window_eg.obj
c:\users\sammyfuller\appdata\roaming\rackafx 7.0\rackafxprojects\synthcore main\rafx2 winbuild\build\rackafxdll.obj
c:\users\sammyfuller\appdata\roaming\rackafx 7.0\rackafxprojects\synthcore main\rafx2 winbuild\build\rafx2plugin.obj
c:\users\sammyfuller\appdata\roaming\rackafx 7.0\rackafxprojects\synthcore main\rafx2 winbuild\build\rafx2pluginbase.obj
c:\users\sammyfuller\appdata\roaming\rackafx 7.0\rackafxprojects\synthcore main\rafx2 winbuild\build\synthcore main.pdb
c:\users\sammyfuller\appdata\roaming\rackafx 7.0\rackafxprojects\synthcore main\rafx2 winbuild\build\pluginguimain.res
c:\users\sammyfuller\appdata\roaming\rackafx 7.0\rackafxprojects\synthcore main\rafx2 winbuild\build\synthcore main.lib
c:\users\sammyfuller\appdata\roaming\rackafx 7.0\rackafxprojects\synthcore main\rafx2 winbuild\build\synthcore main.exp
c:\users\sammyfuller\appdata\roaming\rackafx 7.0\plugins\synthcore main.pdb
c:\users\sammyfuller\appdata\roaming\rackafx 7.0\plugins\synthcore main.rafx2
c:\users\sammyfuller\appdata\roaming\rackafx 7.0\rackafxprojects\synthcore main\rafx2 winbuild\build\synthcore main.tlog\cl.command.1.tlog
c:\users\sammyfuller\appdata\roaming\rackafx 7.0\rackafxprojects\synthcore main\rafx2 winbuild\build\synthcore main.tlog\cl.read.1.tlog
c:\users\sammyfuller\appdata\roaming\rackafx 7.0\rackafxprojects\synthcore main\rafx2 winbuild\build\synthcore main.tlog\cl.write.1.tlog
c:\users\sammyfuller\appdata\roaming\rackafx 7.0\rackafxprojects\synthcore main\rafx2 winbuild\build\synthcore main.tlog\link.command.1.tlog
c:\users\sammyfuller\appdata\roaming\rackafx 7.0\rackafxprojects\synthcore main\rafx2 winbuild\build\synthcore main.tlog\link.read.1.tlog
c:\users\sammyfuller\appdata\roaming\rackafx 7.0\rackafxprojects\synthcore main\rafx2 winbuild\build\synthcore main.tlog\link.write.1.tlog
c:\users\sammyfuller\appdata\roaming\rackafx 7.0\rackafxprojects\synthcore main\rafx2 winbuild\build\synthcore main.tlog\rc.command.1.tlog
c:\users\sammyfuller\appdata\roaming\rackafx 7.0\rackafxprojects\synthcore main\rafx2 winbuild\build\synthcore main.tlog\rc.read.1.tlog
c:\users\sammyfuller\appdata\roaming\rackafx 7.0\rackafxprojects\synthcore main\rafx2 winbuild\build\synthcore main.tlog\rc.write.1.tlog
c:\users\sammyfuller\appdata\roaming\rackafx 7.0\rackafxprojects\synthcore main\rafx2 winbuild\build\synthcore main.tlog\synthcore main.write.1u.tlog
